vafnet is not installed yet! Trying to call directly from source...
done.
-------------------------------------------------------------------------------- 
Initializing hyperparameters...
done.
-------------------------------------------------------------------------------- 
Compiling theano functions...
Can not use cuDNN on context None: cannot compile with cuDNN. We got this error:
b'/tmp/try_flags_dwewbvid.c:4:19: fatal error: cudnn.h: No such file or directory\ncompilation terminated.\n'
Mapped name None to device cuda: GeForce GTX 1080 (0000:02:00.0)
Traceback (most recent call last):
  File "training.py", line 127, in <module>
    model.optimize(X_train, y_train, funcs, visualizer, **opt_params)
  File "../../vafnet/model/VAFnet.py", line 279, in optimize
    self.compile_theano_funcs(algo, algo_params, dropout)
  File "../../vafnet/model/VAFnet.py", line 175, in compile_theano_funcs
    givens=[(params, self.params)])
  File "/usr/local/lib/python3.5/dist-packages/Theano-0.10.0b1-py3.5.egg/theano/compile/function.py", line 317, in function
    output_keys=output_keys)
  File "/usr/local/lib/python3.5/dist-packages/Theano-0.10.0b1-py3.5.egg/theano/compile/pfunc.py", line 486, in pfunc
    output_keys=output_keys)
  File "/usr/local/lib/python3.5/dist-packages/Theano-0.10.0b1-py3.5.egg/theano/compile/function_module.py", line 1840, in orig_function
    name=name)
  File "/usr/local/lib/python3.5/dist-packages/Theano-0.10.0b1-py3.5.egg/theano/compile/function_module.py", line 1475, in __init__
    self._check_unused_inputs(inputs, outputs, on_unused_input)
  File "/usr/local/lib/python3.5/dist-packages/Theano-0.10.0b1-py3.5.egg/theano/compile/function_module.py", line 1628, in _check_unused_inputs
    i.variable, err_msg))
theano.compile.function_module.UnusedInputError: theano.function was asked to create a function computing outputs given certain inputs, but the provided input variable at index 1 is not part of the computational graph needed to compute the outputs: Y.
To make this error into a warning, you can pass the parameter on_unused_input='warn' to theano.function. To disable it completely, use on_unused_input='ignore'.
vafnet is not installed yet! Trying to call directly from source...
done.
-------------------------------------------------------------------------------- 
Initializing hyperparameters...
done.
-------------------------------------------------------------------------------- 
Compiling theano functions...
Can not use cuDNN on context None: cannot compile with cuDNN. We got this error:
b'/tmp/try_flags_9ibl21d_.c:4:19: fatal error: cudnn.h: No such file or directory\ncompilation terminated.\n'
Mapped name None to device cuda: GeForce GTX 1080 (0000:02:00.0)
Traceback (most recent call last):
  File "training.py", line 127, in <module>
    model.optimize(X_train, y_train, funcs, visualizer, **opt_params)
  File "../../vafnet/model/VAFnet.py", line 279, in optimize
    self.compile_theano_funcs(algo, algo_params, dropout)
  File "../../vafnet/model/VAFnet.py", line 191, in compile_theano_funcs
    givens=[(params, self.params)])
  File "/usr/local/lib/python3.5/dist-packages/Theano-0.10.0b1-py3.5.egg/theano/compile/function.py", line 317, in function
    output_keys=output_keys)
  File "/usr/local/lib/python3.5/dist-packages/Theano-0.10.0b1-py3.5.egg/theano/compile/pfunc.py", line 486, in pfunc
    output_keys=output_keys)
  File "/usr/local/lib/python3.5/dist-packages/Theano-0.10.0b1-py3.5.egg/theano/compile/function_module.py", line 1840, in orig_function
    name=name)
  File "/usr/local/lib/python3.5/dist-packages/Theano-0.10.0b1-py3.5.egg/theano/compile/function_module.py", line 1475, in __init__
    self._check_unused_inputs(inputs, outputs, on_unused_input)
  File "/usr/local/lib/python3.5/dist-packages/Theano-0.10.0b1-py3.5.egg/theano/compile/function_module.py", line 1628, in _check_unused_inputs
    i.variable, err_msg))
theano.compile.function_module.UnusedInputError: theano.function was asked to create a function computing outputs given certain inputs, but the provided input variable at index 1 is not part of the computational graph needed to compute the outputs: Y.
To make this error into a warning, you can pass the parameter on_unused_input='warn' to theano.function. To disable it completely, use on_unused_input='ignore'.
vafnet is not installed yet! Trying to call directly from source...
done.
-------------------------------------------------------------------------------- 
Initializing hyperparameters...
done.
-------------------------------------------------------------------------------- 
Compiling theano functions...
done.
-------------------------- VALIDATION ITERATION 1 ---------------------------
VAFnet(30,20,10)   mnlp = 3.597215521381583958060446093440987169742584228516e+00
VAFnet(30,20,10)    mse = 7.739980415152267312350886641070246696472167968750e+01
VAFnet(30,20,10)   nmse = 9.106757190479629615609269421838689595460891723633e-01
VAFnet(30,20,10)    obj = 2.143609151182262212387286126613616943359375000000e+04
VAFnet(30,20,10)   rmse = 8.789604584755085880942715448327362537384033203125e+00
VAFnet(30,20,10)  score = 8.863754950565247980875938083045184612274169921875e-01
VAFnet(30,20,10)   time = 5.816411972045898437500000000000000000000000000000e-02
-------------------------- VALIDATION ITERATION 101 ---------------------------
VAFnet(30,20,10)   mnlp = 3.024993362449084788323716566083021461963653564453e+00
VAFnet(30,20,10)    mse = 3.750005890252193996303731182706542313098907470703e+00
VAFnet(30,20,10)   nmse = 4.476598199779196346481668911110318731516599655151e-02
VAFnet(30,20,10)    obj = 1.461701042382192827062681317329406738281250000000e+04
VAFnet(30,20,10)   rmse = 1.932399403980374019695887000125367194414138793945e+00
VAFnet(30,20,10)  score = 4.269444219376591909131946067645912989974021911621e-02
VAFnet(30,20,10)   time = 3.652113199234008789062500000000000000000000000000e+00
-------------------------- VALIDATION ITERATION 201 ---------------------------
VAFnet(30,20,10)   mnlp = 2.768391462849571826865258117322809994220733642578e+00
VAFnet(30,20,10)    mse = 2.557540692540208215888242193614132702350616455078e+00
VAFnet(30,20,10)   nmse = 3.070130277044332348101995933120633708313107490540e-02
VAFnet(30,20,10)    obj = 1.201087415017946113948710262775421142578125000000e+04
VAFnet(30,20,10)   rmse = 1.594534884372400540542003000155091285705566406250e+00
VAFnet(30,20,10)  score = 2.889040532757143273090427726401685504242777824402e-02
VAFnet(30,20,10)   time = 7.290592908859252929687500000000000000000000000000e+00
-------------------------- VALIDATION ITERATION 301 ---------------------------
VAFnet(30,20,10)   mnlp = 2.465973293768569440942428627749904990196228027344e+00
VAFnet(30,20,10)    mse = 2.146807058745012763978365910588763654232025146484e+00
VAFnet(30,20,10)   nmse = 2.558896770235322484787765517921798164024949073792e-02
VAFnet(30,20,10)    obj = 1.032315527992228089715354144573211669921875000000e+04
VAFnet(30,20,10)   rmse = 1.463818360829515441423609445337206125259399414062e+00
VAFnet(30,20,10)  score = 2.358716196738611103889127207366982474923133850098e-02
VAFnet(30,20,10)   time = 1.081047892570495605468750000000000000000000000000e+01
-------------------------- VALIDATION ITERATION 401 ---------------------------
VAFnet(30,20,10)   mnlp = 2.134211281280279592920123832300305366516113281250e+00
VAFnet(30,20,10)    mse = 1.674398475671184272073332977015525102615356445312e+00
VAFnet(30,20,10)   nmse = 1.992634367920534735341142607012443477287888526917e-02
VAFnet(30,20,10)    obj = 9.110067051668611384229734539985656738281250000000e+03
VAFnet(30,20,10)   rmse = 1.293076008812218402610483281023334711790084838867e+00
VAFnet(30,20,10)  score = 1.781935957319010985222540455197304254397749900818e-02
VAFnet(30,20,10)   time = 1.438100361824035644531250000000000000000000000000e+01
-------------------------- VALIDATION ITERATION 501 ---------------------------
VAFnet(30,20,10)   mnlp = 1.833087224907240297966382058802992105484008789062e+00
VAFnet(30,20,10)    mse = 1.303771976485621264529868312820326536893844604492e+00
VAFnet(30,20,10)   nmse = 1.553014899437942138160639871102830511517822742462e-02
VAFnet(30,20,10)    obj = 8.289310052579508919734507799148559570312500000000e+03
VAFnet(30,20,10)   rmse = 1.140973908326861518958139640744775533676147460938e+00
VAFnet(30,20,10)  score = 1.339165313497509869622437150837868102826178073883e-02
VAFnet(30,20,10)   time = 1.757222580909729003906250000000000000000000000000e+01
-------------------------- VALIDATION ITERATION 601 ---------------------------
VAFnet(30,20,10)   mnlp = 1.551160405274529141550488020584452897310256958008e+00
VAFnet(30,20,10)    mse = 1.058996372682655229269244046008680015802383422852e+00
VAFnet(30,20,10)   nmse = 1.262680937824733375107744137721965671516954898834e-02
VAFnet(30,20,10)    obj = 7.641491095066783600486814975738525390625000000000e+03
VAFnet(30,20,10)   rmse = 1.028381466468100136069097061408683657646179199219e+00
VAFnet(30,20,10)  score = 1.042312109812050004153949345209184684790670871735e-02
VAFnet(30,20,10)   time = 2.145961546897888183593750000000000000000000000000e+01
-------------------------- VALIDATION ITERATION 701 ---------------------------
VAFnet(30,20,10)   mnlp = 1.379552770794874705373445067380089312791824340820e+00
VAFnet(30,20,10)    mse = 8.553201845576104966895059078524354845285415649414e-01
VAFnet(30,20,10)   nmse = 1.017839620616867689351092707283896743319928646088e-02
VAFnet(30,20,10)    obj = 7.288528778795507605536840856075286865234375000000e+03
VAFnet(30,20,10)   rmse = 9.245409069671151058855684823356568813323974609375e-01
VAFnet(30,20,10)  score = 8.135255144428948925749978116073179990053176879883e-03
VAFnet(30,20,10)   time = 2.504286956787109375000000000000000000000000000000e+01
-------------------------- VALIDATION ITERATION 801 ---------------------------
VAFnet(30,20,10)   mnlp = 1.252330303026790936371526186121627688407897949219e+00
VAFnet(30,20,10)    mse = 6.846127237704805468254676270589698106050491333008e-01
VAFnet(30,20,10)   nmse = 8.145027796997156635527836954224767396226525306702e-03
VAFnet(30,20,10)    obj = 7.055509730305509947356767952442169189453125000000e+03
VAFnet(30,20,10)   rmse = 8.271157455045834439033569651655852794647216796875e-01
VAFnet(30,20,10)  score = 6.337737215874196528009321127683506347239017486572e-03
VAFnet(30,20,10)   time = 2.853238201141357421875000000000000000000000000000e+01
-------------------------- VALIDATION ITERATION 901 ---------------------------
VAFnet(30,20,10)   mnlp = 1.116747692033142724810090840037446469068527221680e+00
VAFnet(30,20,10)    mse = 5.132002224586265093364545464282855391502380371094e-01
VAFnet(30,20,10)   nmse = 6.132916269065247921732364488889288622885942459106e-03
VAFnet(30,20,10)    obj = 6.893894673486989631783217191696166992187500000000e+03
VAFnet(30,20,10)   rmse = 7.153217180170606814826328445633407682180404663086e-01
VAFnet(30,20,10)  score = 4.627712402850988650249153266713619814254343509674e-03
VAFnet(30,20,10)   time = 3.156733059883117675781250000000000000000000000000e+01
----------------------------- OPTIMIZATION RESULT ------------------------------
VAFnet(30,20,10)   mnlp = 9.606755639151641767981004704779479652643203735352e-01
VAFnet(30,20,10)    mse = 3.704131874841700144962430840678280219435691833496e-01
VAFnet(30,20,10)   nmse = 4.418646669240132093814388269947812659665942192078e-03
VAFnet(30,20,10)    obj = 6.710283961919605644652619957923889160156250000000e+03
VAFnet(30,20,10)   rmse = 6.081420854084904625835861224913969635963439941406e-01
VAFnet(30,20,10)  score = 3.199449515745862726578963020074297674000263214111e-03
VAFnet(30,20,10)   time = 3.549664402008056640625000000000000000000000000000e+01
-------------------------------------------------------------------------------- 
Initializing hyperparameters...
done.
-------------------------- VALIDATION ITERATION 1 ---------------------------
VAFnet(30,20,10)   mnlp = 3.005658683239094131067759008146822452545166015625e+00
VAFnet(30,20,10)    mse = 2.636098059563934725701983552426099777221679687500e+00
VAFnet(30,20,10)   nmse = 3.204474792623793200085913213115418329834938049316e-02
VAFnet(30,20,10)    obj = 7.303122277405853310483507812023162841796875000000e+03
VAFnet(30,20,10)   rmse = 1.604918980249419035999380866996943950653076171875e+00
VAFnet(30,20,10)  score = 3.038719727776120760331934889109106734395027160645e-02
VAFnet(30,20,10)   time = 3.496551513671875000000000000000000000000000000000e-02
-------------------------- VALIDATION ITERATION 101 ---------------------------
VAFnet(30,20,10)   mnlp = 1.046845377257854314834162323677446693181991577148e+00
VAFnet(30,20,10)    mse = 4.725806271217483645052936935826437547802925109863e-01
VAFnet(30,20,10)   nmse = 6.246705554593098841387188713270006701350212097168e-03
VAFnet(30,20,10)    obj = 6.645916286355160991661250591278076171875000000000e+03
VAFnet(30,20,10)   rmse = 6.817350367878770578400349222647491842508316040039e-01
VAFnet(30,20,10)  score = 4.682518760004142181763153729434634442441165447235e-03
VAFnet(30,20,10)   time = 3.383146286010742187500000000000000000000000000000e+00
-------------------------- VALIDATION ITERATION 201 ---------------------------
VAFnet(30,20,10)   mnlp = 9.177454121669770259472898032981902360916137695312e-01
VAFnet(30,20,10)    mse = 3.601001064343700708292317358427681028842926025391e-01
VAFnet(30,20,10)   nmse = 4.602953245942237835153232339280293672345578670502e-03
VAFnet(30,20,10)    obj = 6.509450617065384903980884701013565063476562500000e+03
VAFnet(30,20,10)   rmse = 5.992406575529378720545992109691724181175231933594e-01
VAFnet(30,20,10)  score = 3.297448423871392111234035482425497320946305990219e-03
VAFnet(30,20,10)   time = 6.876152038574218750000000000000000000000000000000e+00
-------------------------- VALIDATION ITERATION 301 ---------------------------
VAFnet(30,20,10)   mnlp = 7.974962453720162436354712554020807147026062011719e-01
VAFnet(30,20,10)    mse = 2.792192917664622631157556043035583570599555969238e-01
VAFnet(30,20,10)   nmse = 3.640062001462577353366745214202637725975364446640e-03
VAFnet(30,20,10)    obj = 6.400626630116829801409039646387100219726562500000e+03
VAFnet(30,20,10)   rmse = 5.255734013975227325587979976262431591749191284180e-01
VAFnet(30,20,10)  score = 2.531348822033659563129903702360934403259307146072e-03
VAFnet(30,20,10)   time = 1.008757781982421875000000000000000000000000000000e+01
-------------------------- VALIDATION ITERATION 401 ---------------------------
VAFnet(30,20,10)   mnlp = 7.147299987370273610665094565774779766798019409180e-01
VAFnet(30,20,10)    mse = 2.402595546402760129378606279715313576161861419678e-01
VAFnet(30,20,10)   nmse = 3.077971233282159740918260126818495336920022964478e-03
VAFnet(30,20,10)    obj = 6.287042678090504523424897342920303344726562500000e+03
VAFnet(30,20,10)   rmse = 4.896801749425621075317849317798390984535217285156e-01
VAFnet(30,20,10)  score = 2.072645951267592604599920846908389648888260126114e-03
VAFnet(30,20,10)   time = 1.388114261627197265625000000000000000000000000000e+01
-------------------------- VALIDATION ITERATION 501 ---------------------------
VAFnet(30,20,10)   mnlp = 6.248859912294796314924383295874577015638351440430e-01
VAFnet(30,20,10)    mse = 2.018348356297213763710374223592225462198257446289e-01
VAFnet(30,20,10)   nmse = 2.598331393474141021160406239687290508300065994263e-03
VAFnet(30,20,10)    obj = 6.192650861766786874795798212289810180664062500000e+03
VAFnet(30,20,10)   rmse = 4.476435274114297091507808090682374313473701477051e-01
VAFnet(30,20,10)  score = 1.703730997987701030818574743364024470793083310127e-03
VAFnet(30,20,10)   time = 1.746766734123229980468750000000000000000000000000e+01
----------------------------- OPTIMIZATION RESULT ------------------------------
VAFnet(30,20,10)   mnlp = 5.275321498557494770409448392456397414207458496094e-01
VAFnet(30,20,10)    mse = 1.640004640360044341207412799121811985969543457031e-01
VAFnet(30,20,10)   nmse = 2.088786062210714906256514566962323442567139863968e-03
VAFnet(30,20,10)    obj = 6.142603382235462959215510636568069458007812500000e+03
VAFnet(30,20,10)   rmse = 4.044611492868996904803680081386119127273559570312e-01
VAFnet(30,20,10)  score = 1.316893017594654435864498509545228444039821624756e-03
VAFnet(30,20,10)   time = 1.992764830589294433593750000000000000000000000000e+01
------------------------------ COMPARISON RESULT -------------------------------
VAFnet(30,20,10)   mnlp = 2.6915929337365467333e+00 <> 2.5415345868400169849e+01
VAFnet(30,20,10)    mse = 2.3102511611801785918e+00 <> 1.0394939813061487399e+01
VAFnet(30,20,10)   nmse = 2.6785925478013533629e-02 <> 1.2052286256134264741e-01
VAFnet(30,20,10)    obj = 6.7102839619196056447e+03 <> 6.1426033822354629592e+03
VAFnet(30,20,10)   rmse = 1.5199510390733572684e+00 <> 3.2241184551845312178e+00
VAFnet(30,20,10)  score = 2.5085788923986478832e-02 <> 1.2052286256023775346e-01
VAFnet(30,20,10)   time = 3.5496644020080566406e+01 <> 1.9927648305892944336e+01
-------------------------------------------------------------------------------- 
Initializing hyperparameters...
done.
-------------------------- VALIDATION ITERATION 1 ---------------------------
VAFnet(30,20,10)   mnlp = 3.654803709031448022415133891627192497253417968750e+00
VAFnet(30,20,10)    mse = 1.479930416594314346312444286013487726449966430664e+00
VAFnet(30,20,10)   nmse = 1.786975930816001381651325630173232639208436012268e-02
VAFnet(30,20,10)    obj = 7.039229668319955635524820536375045776367187500000e+03
VAFnet(30,20,10)   rmse = 1.215280596941538560074036467995028942823410034180e+00
VAFnet(30,20,10)  score = 1.742804452532521405916376977529580472037196159363e-02
VAFnet(30,20,10)   time = 3.572201728820800781250000000000000000000000000000e-02
-------------------------- VALIDATION ITERATION 101 ---------------------------
VAFnet(30,20,10)   mnlp = 8.055387177993081904148198191251140087842941284180e-01
VAFnet(30,20,10)    mse = 2.805687309235861959244573426985880360007286071777e-01
VAFnet(30,20,10)   nmse = 3.333566587372869139543896110922105435747653245926e-03
VAFnet(30,20,10)    obj = 6.161530754272454942110925912857055664062500000000e+03
VAFnet(30,20,10)   rmse = 5.282382299601030561930770090839359909296035766602e-01
VAFnet(30,20,10)  score = 2.309729105318399349638935902362391061615198850632e-03
VAFnet(30,20,10)   time = 3.040000677108764648437500000000000000000000000000e+00
-------------------------- VALIDATION ITERATION 201 ---------------------------
VAFnet(30,20,10)   mnlp = 6.550049935395841904650637843587901443243026733398e-01
VAFnet(30,20,10)    mse = 2.156677697594312492768153788347262889146804809570e-01
VAFnet(30,20,10)   nmse = 2.577987311325548140661378937465997296385467052460e-03
VAFnet(30,20,10)    obj = 6.071502467608703227597288787364959716796875000000e+03
VAFnet(30,20,10)   rmse = 4.629108745184062900790422645513899624347686767578e-01
VAFnet(30,20,10)  score = 1.703831905092223876832524531721446692245081067085e-03
VAFnet(30,20,10)   time = 6.030413150787353515625000000000000000000000000000e+00
-------------------------- VALIDATION ITERATION 301 ---------------------------
VAFnet(30,20,10)   mnlp = 4.806726522623094299824231256934581324458122253418e-01
VAFnet(30,20,10)    mse = 1.529660278574356546688051139426534064114093780518e-01
VAFnet(30,20,10)   nmse = 1.834255664887615364100348358533665305003523826599e-03
VAFnet(30,20,10)    obj = 5.961870122661677669384516775608062744140625000000e+03
VAFnet(30,20,10)   rmse = 3.908757870096814523996897605684353038668632507324e-01
VAFnet(30,20,10)  score = 1.135180213676367571781766763194809755077585577965e-03
VAFnet(30,20,10)   time = 1.047553968429565429687500000000000000000000000000e+01
-------------------------- VALIDATION ITERATION 401 ---------------------------
VAFnet(30,20,10)   mnlp = 3.630353607221957212836116468679392710328102111816e-01
VAFnet(30,20,10)    mse = 1.198339828322188410636428557154431473463773727417e-01
VAFnet(30,20,10)   nmse = 1.440739682234790921752654035969953838502988219261e-03
VAFnet(30,20,10)    obj = 5.898960475013145696721039712429046630859375000000e+03
VAFnet(30,20,10)   rmse = 3.460474370886164052762978826649487018585205078125e-01
VAFnet(30,20,10)  score = 8.511703291187957447563872115381400362821295857430e-04
VAFnet(30,20,10)   time = 1.308772778511047363281250000000000000000000000000e+01
----------------------------- OPTIMIZATION RESULT ------------------------------
VAFnet(30,20,10)   mnlp = 2.672951828579577804312350508553208783268928527832e-01
VAFnet(30,20,10)    mse = 9.724650683929876582300977361228433437645435333252e-02
VAFnet(30,20,10)   nmse = 1.173251824063161396702326122465365187963470816612e-03
VAFnet(30,20,10)    obj = 5.863208915313159195648040622472763061523437500000e+03
VAFnet(30,20,10)   rmse = 3.113656227462107128900470343069173395633697509766e-01
VAFnet(30,20,10)  score = 6.671476203757463127597127083845407469198107719421e-04
VAFnet(30,20,10)   time = 1.496466207504272460937500000000000000000000000000e+01
------------------------------ COMPARISON RESULT -------------------------------
VAFnet(30,20,10)   mnlp = 1.8897717459688445629e+00 <> 1.8451225433522704833e+01
VAFnet(30,20,10)    mse = 1.4112979860153391787e+00 <> 4.5588579869634946462e+00
VAFnet(30,20,10)   nmse = 1.9350102615952650964e-02 <> 6.2505842659326349420e-02
VAFnet(30,20,10)    obj = 6.7102839619196056447e+03 <> 5.8632089153131591956e+03
VAFnet(30,20,10)   rmse = 1.1879806336869886962e+00 <> 2.1351482353606026088e+00
VAFnet(30,20,10)  score = 1.6810005028412400296e-02 <> 6.2505842053071511422e-02
VAFnet(30,20,10)   time = 3.5496644020080566406e+01 <> 1.4964662075042724609e+01
-------------------------------------------------------------------------------- 
Initializing hyperparameters...
done.
-------------------------- VALIDATION ITERATION 1 ---------------------------
VAFnet(30,20,10)   mnlp = 4.802909450053866713403749599820002913475036621094e+00
VAFnet(30,20,10)    mse = 1.224363294582835770540896191960200667381286621094e+00
VAFnet(30,20,10)   nmse = 1.484115168152420373426370048264288925565779209137e-02
VAFnet(30,20,10)    obj = 7.364320495904590643476694822311401367187500000000e+03
VAFnet(30,20,10)   rmse = 1.096110731791740677820712335233110934495925903320e+00
VAFnet(30,20,10)  score = 1.465777368737294222844624869139806833118200302124e-02
VAFnet(30,20,10)   time = 3.519558906555175781250000000000000000000000000000e-02
-------------------------- VALIDATION ITERATION 101 ---------------------------
VAFnet(30,20,10)   mnlp = 2.726400393488471185499122384499059990048408508301e-01
VAFnet(30,20,10)    mse = 1.001828750313613625166908605024218559265136718750e-01
VAFnet(30,20,10)   nmse = 1.204740066012839443121418270266076433472335338593e-03
VAFnet(30,20,10)    obj = 5.817931718613786870264448225498199462890625000000e+03
VAFnet(30,20,10)   rmse = 3.152262877690165665534038907935610041022300720215e-01
VAFnet(30,20,10)  score = 6.873250786586902619582084561500323616201058030128e-04
VAFnet(30,20,10)   time = 3.066807270050048828125000000000000000000000000000e+00
----------------------------- OPTIMIZATION RESULT ------------------------------
VAFnet(30,20,10)   mnlp = 4.163023490031794032750767087236454244703054428101e-02
VAFnet(30,20,10)    mse = 5.890990555729897631964675497329153586179018020630e-02
VAFnet(30,20,10)   nmse = 7.145214551064191016091498021012284880271181464195e-04
VAFnet(30,20,10)    obj = 5.726874626561347213282715529203414916992187500000e+03
VAFnet(30,20,10)   rmse = 2.425857139574492116196324786869809031486511230469e-01
VAFnet(30,20,10)  score = 3.651580766601280909205984315235582471359521150589e-04
VAFnet(30,20,10)   time = 6.799561977386474609375000000000000000000000000000e+00
------------------------------ COMPARISON RESULT -------------------------------
VAFnet(30,20,10)   mnlp = 5.7524308070194178910e+00 <> 1.1721751305708194124e+01
VAFnet(30,20,10)    mse = 5.7397148959418711200e+00 <> 2.1338923110617948886e+00
VAFnet(30,20,10)   nmse = 8.1662093415803937990e-02 <> 3.0360064289673884680e-02
VAFnet(30,20,10)    obj = 6.7102839619196056447e+03 <> 5.7268746265613472133e+03
VAFnet(30,20,10)   rmse = 2.3957702093360020434e+00 <> 1.4607848270918597500e+00
VAFnet(30,20,10)  score = 8.1403632530174671600e-02 <> 3.0359817908652022428e-02
VAFnet(30,20,10)   time = 3.5496644020080566406e+01 <> 6.7995619773864746094e+00
!!!!!!!!!!!!!!!!!!!!!!!!!!!!!!!!!!!!!!!!!!!!!!!!!!!!!!!!!!!!!!!!!!!!!!!!!!!!!!!!
!!!!!!!!!!!!!!!!!!!!!!!!!!!!!! NEW BEST PREDICTOR !!!!!!!!!!!!!!!!!!!!!!!!!!!!!!
!!!!!!!!!!!!!!!!!!!!!!!!!!!!!!!!!!!!!!!!!!!!!!!!!!!!!!!!!!!!!!!!!!!!!!!!!!!!!!!!
-------------------------------------------------------------------------------- 
Initializing hyperparameters...
done.
-------------------------- VALIDATION ITERATION 1 ---------------------------
VAFnet(30,20,10)   mnlp = 2.649339876909602153887135500553995370864868164062e+00
VAFnet(30,20,10)    mse = 5.294891506317720430985218627029098570346832275391e-01
VAFnet(30,20,10)   nmse = 6.190330705293295952829080164292463450692594051361e-03
VAFnet(30,20,10)    obj = 6.479062708372737688478082418441772460937500000000e+03
VAFnet(30,20,10)   rmse = 7.229213644166944119362483434088062494993209838867e-01
VAFnet(30,20,10)  score = 5.768493636957953800414866663004431757144629955292e-03
VAFnet(30,20,10)   time = 3.551721572875976562500000000000000000000000000000e-02
-------------------------- VALIDATION ITERATION 101 ---------------------------
VAFnet(30,20,10)   mnlp = 2.369647745989508225150643738743383437395095825195e-01
VAFnet(30,20,10)    mse = 9.383612454548784231889158036210574209690093994141e-02
VAFnet(30,20,10)   nmse = 1.073123298416868735480345087296427664114162325859e-03
VAFnet(30,20,10)    obj = 5.737096662739028033684007823467254638671875000000e+03
VAFnet(30,20,10)   rmse = 3.045918337600885816840445841080509126186370849609e-01
VAFnet(30,20,10)  score = 6.022939328304269994765474116604764276416972279549e-04
VAFnet(30,20,10)   time = 3.495781421661376953125000000000000000000000000000e+00
-------------------------- VALIDATION ITERATION 201 ---------------------------
VAFnet(30,20,10)   mnlp = 9.417011016202896100946162505351821891963481903076e-02
VAFnet(30,20,10)    mse = 7.026877113117256656860121211138903163373470306396e-02
VAFnet(30,20,10)   nmse = 8.129676769431185825651176024564392719184979796410e-04
VAFnet(30,20,10)    obj = 5.673241636822086547908838838338851928710937500000e+03
VAFnet(30,20,10)   rmse = 2.644778296947552509443823964829789474606513977051e-01
VAFnet(30,20,10)  score = 4.258249257345337831538734096881171353743411600590e-04
VAFnet(30,20,10)   time = 6.156796216964721679687500000000000000000000000000e+00
----------------------------- OPTIMIZATION RESULT ------------------------------
VAFnet(30,20,10)   mnlp = 3.834794578554176491813620941684348508715629577637e-02
VAFnet(30,20,10)    mse = 6.277150869452423342931268734901095740497112274170e-02
VAFnet(30,20,10)   nmse = 7.168765246380193060030117102598978817695751786232e-04
VAFnet(30,20,10)    obj = 5.663811405862335050187539309263229370117187500000e+03
VAFnet(30,20,10)   rmse = 2.489388770488245861134402048264746554195880889893e-01
VAFnet(30,20,10)  score = 3.670998148106497955406313238313487090636044740677e-04
VAFnet(30,20,10)   time = 8.044519901275634765625000000000000000000000000000e+00
------------------------------ COMPARISON RESULT -------------------------------
VAFnet(30,20,10)   mnlp = 8.2571370367756802278e-01 <> 1.7248369166319115209e+01
VAFnet(30,20,10)    mse = 1.9864441346643887942e-01 <> 2.4871076036070154380e+00
VAFnet(30,20,10)   nmse = 3.0565256596924912126e-03 <> 3.8268925242770507333e-02
VAFnet(30,20,10)    obj = 5.7268746265613472133e+03 <> 5.6638114058623350502e+03
VAFnet(30,20,10)   rmse = 4.4569542679551793496e-01 <> 1.5770566266329866245e+00
VAFnet(30,20,10)  score = 2.1256542075703218665e-03 <> 3.8268924006895070622e-02
VAFnet(30,20,10)   time = 6.7995619773864746094e+00 <> 8.0445199012756347656e+00
-------------------------------------------------------------------------------- 
Initializing hyperparameters...
done.
-------------------------------------------------------------------------------- 
Compiling theano functions...
done.
-------------------------- VALIDATION ITERATION 1 ---------------------------
VAFnet(35,15)   mnlp = 3.349983416831287197368283159448765218257904052734375e+00
VAFnet(35,15)    mse = 3.428662319973486916069305152632296085357666015625000e+01
VAFnet(35,15)   nmse = 3.929077480735639338327302994002820923924446105957031e-01
VAFnet(35,15)    obj = 1.632907797224084606568794697523117065429687500000000e+04
VAFnet(35,15)   rmse = 5.830325227994319625679509044857695698738098144531250e+00
VAFnet(35,15)  score = 3.796085235730022877653766499861376360058784484863281e-01
VAFnet(35,15)   time = 8.534026145935058593750000000000000000000000000000000e-02
-------------------------- VALIDATION ITERATION 101 ---------------------------
VAFnet(35,15)   mnlp = 3.050162467870636717748311639297753572463989257812500e+00
VAFnet(35,15)    mse = 6.234570159825092439120908238692209124565124511718750e+00
VAFnet(35,15)   nmse = 7.199024195476091958489917033148230984807014465332031e-02
VAFnet(35,15)    obj = 1.126773013694009205210022628307342529296875000000000e+04
VAFnet(35,15)   rmse = 2.491822288815200625577972459723241627216339111328125e+00
VAFnet(35,15)  score = 6.873552401865322403207159140947624109685420989990234e-02
VAFnet(35,15)   time = 4.720466852188110351562500000000000000000000000000000e+00
-------------------------- VALIDATION ITERATION 201 ---------------------------
VAFnet(35,15)   mnlp = 2.815886523282816522595339847612194716930389404296875e+00
VAFnet(35,15)    mse = 4.799152620360116472397749021183699369430541992187500e+00
VAFnet(35,15)   nmse = 5.567037638473467525690452362141513731330633163452148e-02
VAFnet(35,15)    obj = 9.295165172151881051831878721714019775390625000000000e+03
VAFnet(35,15)   rmse = 2.188613059083846845709331319085322320461273193359375e+00
VAFnet(35,15)  score = 5.252587565268997810141726745314372237771749496459961e-02
VAFnet(35,15)   time = 9.730977535247802734375000000000000000000000000000000e+00
-------------------------- VALIDATION ITERATION 301 ---------------------------
VAFnet(35,15)   mnlp = 2.539218841979030916178317056619562208652496337890625e+00
VAFnet(35,15)    mse = 3.867412707496793000672141715767793357372283935546875e+00
VAFnet(35,15)   nmse = 4.488457481199326082332845544442534446716308593750000e-02
VAFnet(35,15)    obj = 8.019929958148088189773261547088623046875000000000000e+03
VAFnet(35,15)   rmse = 1.964570269040398331483743277203757315874099731445312e+00
VAFnet(35,15)  score = 4.160029387925648358681485206034267321228981018066406e-02
VAFnet(35,15)   time = 1.538465356826782226562500000000000000000000000000000e+01
-------------------------- VALIDATION ITERATION 401 ---------------------------
VAFnet(35,15)   mnlp = 2.239503423628221412400307599455118179321289062500000e+00
VAFnet(35,15)    mse = 2.834538475271267898847327160183340311050415039062500e+00
VAFnet(35,15)   nmse = 3.337253628120442905391485055588418617844581604003906e-02
VAFnet(35,15)    obj = 7.096599215525255203829146921634674072265625000000000e+03
VAFnet(35,15)   rmse = 1.682524220664020075943767551507335156202316284179688e+00
VAFnet(35,15)  score = 3.016374747631951278026285478972567943856120109558105e-02
VAFnet(35,15)   time = 1.997993898391723632812500000000000000000000000000000e+01
-------------------------- VALIDATION ITERATION 501 ---------------------------
VAFnet(35,15)   mnlp = 1.982626976061127699324515560874715447425842285156250e+00
VAFnet(35,15)    mse = 2.324073868065178682940086218877695500850677490234375e+00
VAFnet(35,15)   nmse = 2.765486916362664901458678912149480311200022697448730e-02
VAFnet(35,15)    obj = 6.378597694766311178682371973991394042968750000000000e+03
VAFnet(35,15)   rmse = 1.521738092399409048027791868662461638450622558593750e+00
VAFnet(35,15)  score = 2.432421920788798222479165644926979439333081245422363e-02
VAFnet(35,15)   time = 2.620142745971679687500000000000000000000000000000000e+01
-------------------------- VALIDATION ITERATION 601 ---------------------------
VAFnet(35,15)   mnlp = 1.803089424987889044516009562357794493436813354492188e+00
VAFnet(35,15)    mse = 1.921313211098502948814825685985852032899856567382812e+00
VAFnet(35,15)   nmse = 2.294413146689880389494931023364188149571418762207031e-02
VAFnet(35,15)    obj = 5.807188444126748436246998608112335205078125000000000e+03
VAFnet(35,15)   rmse = 1.382253674717026648011142242467030882835388183593750e+00
VAFnet(35,15)  score = 1.972798910079459275279667451741261174902319908142090e-02
VAFnet(35,15)   time = 2.977575349807739257812500000000000000000000000000000e+01
-------------------------- VALIDATION ITERATION 701 ---------------------------
VAFnet(35,15)   mnlp = 1.692240261305932413904429267859086394309997558593750e+00
VAFnet(35,15)    mse = 1.632017667760069956628399268083740025758743286132812e+00
VAFnet(35,15)   nmse = 1.947337166934499930182056459671002812683582305908203e-02
VAFnet(35,15)    obj = 5.368700769849796415655873715877532958984375000000000e+03
VAFnet(35,15)   rmse = 1.274263452997935086585812314297072589397430419921875e+00
VAFnet(35,15)  score = 1.647562911469383287177414842972211772575974464416504e-02
VAFnet(35,15)   time = 3.333170390129089355468750000000000000000000000000000e+01
-------------------------- VALIDATION ITERATION 801 ---------------------------
VAFnet(35,15)   mnlp = 1.617528199512911823987337811558973044157028198242188e+00
VAFnet(35,15)    mse = 1.444282508959592092878665425814688205718994140625000e+00
VAFnet(35,15)   nmse = 1.720286868819468489855140092004148755222558975219727e-02
VAFnet(35,15)    obj = 5.021288342349269441911019384860992431640625000000000e+03
VAFnet(35,15)   rmse = 1.199453248136015170999257861694786697626113891601562e+00
VAFnet(35,15)  score = 1.438026218580838733185345290621626190841197967529297e-02
VAFnet(35,15)   time = 3.681985712051391601562500000000000000000000000000000e+01
-------------------------- VALIDATION ITERATION 901 ---------------------------
VAFnet(35,15)   mnlp = 1.563011599416510355453624470101203769445419311523438e+00
VAFnet(35,15)    mse = 1.317484789424652857903197400446515530347824096679688e+00
VAFnet(35,15)   nmse = 1.565379185214480287080540676925011212006211280822754e-02
VAFnet(35,15)    obj = 4.737768311425357751431874930858612060546875000000000e+03
VAFnet(35,15)   rmse = 1.146250620075506931883069228206295520067214965820312e+00
VAFnet(35,15)  score = 1.296279944904791571469448996367646032012999057769775e-02
VAFnet(35,15)   time = 4.035381007194519042968750000000000000000000000000000e+01
----------------------------- OPTIMIZATION RESULT ------------------------------
VAFnet(35,15)   mnlp = 1.505564488720146476552486092259641736745834350585938e+00
VAFnet(35,15)    mse = 1.184002816232392785167348847608081996440887451171875e+00
VAFnet(35,15)   nmse = 1.400873060982809649444025268394398153759539127349854e-02
VAFnet(35,15)    obj = 4.480442616055929647700395435094833374023437500000000e+03
VAFnet(35,15)   rmse = 1.087217435303522439227208451484329998493194580078125e+00
VAFnet(35,15)  score = 1.147859687859262463327514325328593258745968341827393e-02
VAFnet(35,15)   time = 4.635675263404846191406250000000000000000000000000000e+01
------------------------------ COMPARISON RESULT -------------------------------
VAFnet(35,15)   mnlp = 2.087970259198232092501e+00 <> 1.92325169387921093289e+01
VAFnet(35,15)    mse = 4.231560222974712903721e-01 <> 4.70872628659069007995e+01
VAFnet(35,15)   nmse = 7.012777716158292810877e-03 <> 7.80356394192556535039e-01
VAFnet(35,15)    obj = 5.726874626561347213283e+03 <> 4.48044261605592964770e+03
VAFnet(35,15)   rmse = 6.505044368007579791424e-01 <> 6.86201594765757594274e+00
VAFnet(35,15)  score = 6.239467789430079742996e-03 <> 7.80356390727446780353e-01
VAFnet(35,15)   time = 6.799561977386474609375e+00 <> 4.63567526340484619141e+01
-------------------------------------------------------------------------------- 
Initializing hyperparameters...
done.
-------------------------- VALIDATION ITERATION 1 ---------------------------
VAFnet(35,15)   mnlp = 3.187708969576819040270265759318135678768157958984375e+00
VAFnet(35,15)    mse = 5.414992060917295013666716840816661715507507324218750e+00
VAFnet(35,15)   nmse = 6.216598211769059495468425780018151272088289260864258e-02
VAFnet(35,15)    obj = 5.110127422107152597163803875446319580078125000000000e+03
VAFnet(35,15)   rmse = 2.262355375566032389400561442016623914241790771484375e+00
VAFnet(35,15)  score = 5.944690618143722016242236350080929696559906005859375e-02
VAFnet(35,15)   time = 7.596039772033691406250000000000000000000000000000000e-02
-------------------------- VALIDATION ITERATION 101 ---------------------------
VAFnet(35,15)   mnlp = 1.520917537772252359218327910639345645904541015625000e+00
VAFnet(35,15)    mse = 1.225103016919400600315270821738522499799728393554688e+00
VAFnet(35,15)   nmse = 1.517623966319978957850711509536267840303480625152588e-02
VAFnet(35,15)    obj = 4.349172532161170238396152853965759277343750000000000e+03
VAFnet(35,15)   rmse = 1.102095836951281215831954796158242970705032348632812e+00
VAFnet(35,15)  score = 1.249629329746825695535150657633494120091199874877930e-02
VAFnet(35,15)   time = 5.850720167160034179687500000000000000000000000000000e+00
-------------------------- VALIDATION ITERATION 201 ---------------------------
VAFnet(35,15)   mnlp = 1.446651493243720887349468284810427576303482055664062e+00
VAFnet(35,15)    mse = 1.056214814547289160273635388875845819711685180664062e+00
VAFnet(35,15)   nmse = 1.312652954783437818375713135310434154234826564788818e-02
VAFnet(35,15)    obj = 4.196350758776955444773193448781967163085937500000000e+03
VAFnet(35,15)   rmse = 1.021982004401364774182070505048613995313644409179688e+00
VAFnet(35,15)  score = 1.067171205803620938346032431809362606145441532135010e-02
VAFnet(35,15)   time = 1.109106469154357910156250000000000000000000000000000e+01
-------------------------- VALIDATION ITERATION 301 ---------------------------
VAFnet(35,15)   mnlp = 1.390080171651465690274562803097069263458251953125000e+00
VAFnet(35,15)    mse = 9.434933987973872504539940564427524805068969726562500e-01
VAFnet(35,15)   nmse = 1.176668779988711104056431366871038335375487804412842e-02
VAFnet(35,15)    obj = 3.983737930311828677076846361160278320312500000000000e+03
VAFnet(35,15)   rmse = 9.656127695874660021857494029973167926073074340820312e-01
VAFnet(35,15)  score = 9.467582699204174154217206194061873247846961021423340e-03
VAFnet(35,15)   time = 1.559030127525329589843750000000000000000000000000000e+01
-------------------------- VALIDATION ITERATION 401 ---------------------------
VAFnet(35,15)   mnlp = 1.330903706278942388863129053788725286722183227539062e+00
VAFnet(35,15)    mse = 8.381991208791093050933795893797650933265686035156250e-01
VAFnet(35,15)   nmse = 1.039532341119698069520360661499580601230263710021973e-02
VAFnet(35,15)    obj = 3.801126983433878649520920589566230773925781250000000e+03
VAFnet(35,15)   rmse = 9.115741765846104849302378170250449329614639282226562e-01
VAFnet(35,15)  score = 8.254496719572719173885211318975052563473582267761230e-03
VAFnet(35,15)   time = 1.979973888397216796875000000000000000000000000000000e+01
-------------------------- VALIDATION ITERATION 501 ---------------------------
VAFnet(35,15)   mnlp = 1.264602728355697092155196514795534312725067138671875e+00
VAFnet(35,15)    mse = 7.340608923361225945924957159149926155805587768554688e-01
VAFnet(35,15)   nmse = 9.102111283146202200255991954236378660425543785095215e-03
VAFnet(35,15)    obj = 3.624350368682960834121331572532653808593750000000000e+03
VAFnet(35,15)   rmse = 8.543185666093674468513086139864753931760787963867188e-01
VAFnet(35,15)  score = 7.119588021093609976619465129488162347115576267242432e-03
VAFnet(35,15)   time = 2.427538275718688964843750000000000000000000000000000e+01
-------------------------- VALIDATION ITERATION 601 ---------------------------
VAFnet(35,15)   mnlp = 1.199781350066391638620189041830599308013916015625000e+00
VAFnet(35,15)    mse = 6.448347212046435794619014814088586717844009399414062e-01
VAFnet(35,15)   nmse = 7.956587439528449434700263509512296877801418304443359e-03
VAFnet(35,15)    obj = 3.462134708382142889604438096284866333007812500000000e+03
VAFnet(35,15)   rmse = 8.015325834311708419477326970081776380538940429687500e-01
VAFnet(35,15)  score = 6.126862183621428238622375062050195992924273014068604e-03
VAFnet(35,15)   time = 2.927383279800415039062500000000000000000000000000000e+01
-------------------------- VALIDATION ITERATION 701 ---------------------------
VAFnet(35,15)   mnlp = 1.138338075289923478905507181480061262845993041992188e+00
VAFnet(35,15)    mse = 5.703593489228923063549814287398476153612136840820312e-01
VAFnet(35,15)   nmse = 7.012525964645267666230932235293948906473815441131592e-03
VAFnet(35,15)    obj = 3.303900418720563720853533595800399780273437500000000e+03
VAFnet(35,15)   rmse = 7.540587752826120038207591278478503227233886718750000e-01
VAFnet(35,15)  score = 5.319341442247285667299649958295049145817756652832031e-03
VAFnet(35,15)   time = 3.347956633567810058593750000000000000000000000000000e+01
-------------------------- VALIDATION ITERATION 801 ---------------------------
VAFnet(35,15)   mnlp = 1.070549913578049627815858002577442675828933715820312e+00
VAFnet(35,15)    mse = 4.980685398226702420565459306089906021952629089355469e-01
VAFnet(35,15)   nmse = 6.099852367343249794073845038155923248268663883209229e-03
VAFnet(35,15)    obj = 3.162062841196066528937080875039100646972656250000000e+03
VAFnet(35,15)   rmse = 7.053863397587673000899144426512066274881362915039062e-01
VAFnet(35,15)  score = 4.543718943187100879621542759423391544260084629058838e-03
VAFnet(35,15)   time = 3.788853025436401367187500000000000000000000000000000e+01
-------------------------- VALIDATION ITERATION 901 ---------------------------
VAFnet(35,15)   mnlp = 9.921927347550432152445409883512184023857116699218750e-01
VAFnet(35,15)    mse = 4.256784300345973215407013867661589756608009338378906e-01
VAFnet(35,15)   nmse = 5.222701648511710210975866885974028264172375202178955e-03
VAFnet(35,15)    obj = 3.044783072205742428195662796497344970703125000000000e+03
VAFnet(35,15)   rmse = 6.520452512382761689480048516998067498207092285156250e-01
VAFnet(35,15)  score = 3.812301422829858510432643470267066732048988342285156e-03
VAFnet(35,15)   time = 4.157007169723510742187500000000000000000000000000000e+01
----------------------------- OPTIMIZATION RESULT ------------------------------
VAFnet(35,15)   mnlp = 8.934963786067834368154194635280873626470565795898438e-01
VAFnet(35,15)    mse = 3.489188014821775207785492511902702972292900085449219e-01
VAFnet(35,15)   nmse = 4.267942019753269596027411836303144809789955615997314e-03
VAFnet(35,15)    obj = 2.916266877735697107709711417555809020996093750000000e+03
VAFnet(35,15)   rmse = 5.904793127594069046537583744793664664030075073242188e-01
VAFnet(35,15)  score = 3.028518772003917832597030823649220110382884740829468e-03
VAFnet(35,15)   time = 4.603720474243164062500000000000000000000000000000000e+01
------------------------------ COMPARISON RESULT -------------------------------
VAFnet(35,15)   mnlp = 9.980476729431286830874e-02 <> 3.52485427259169910030e+01
VAFnet(35,15)    mse = 6.943015642363714601260e-02 <> 2.58314240501891241308e+01
VAFnet(35,15)   nmse = 7.930788836293112264997e-04 <> 2.95064248786638949618e-01
VAFnet(35,15)    obj = 5.726874626561347213283e+03 <> 2.91626687773569710771e+03
VAFnet(35,15)   rmse = 2.634960273393835428202e-01 <> 5.08246240027303297637e+00
VAFnet(35,15)  score = 4.163112956229489099516e-04 <> 2.95064248786638838595e-01
VAFnet(35,15)   time = 6.799561977386474609375e+00 <> 4.60372047424316406250e+01
-------------------------------------------------------------------------------- 
Initializing hyperparameters...
done.
-------------------------- VALIDATION ITERATION 1 ---------------------------
VAFnet(35,15)   mnlp = 4.832640337179342715501206839689984917640686035156250e+00
VAFnet(35,15)    mse = 3.238556627365406281882087569101713597774505615234375e+00
VAFnet(35,15)   nmse = 4.209423598303915770024730136356083676218986511230469e-02
VAFnet(35,15)    obj = 4.180306463568225808558054268360137939453125000000000e+03
VAFnet(35,15)   rmse = 1.761008065938285405138685746351256966590881347656250e+00
VAFnet(35,15)  score = 4.158169253983624163995003186755639035254716873168945e-02
VAFnet(35,15)   time = 4.468441009521484375000000000000000000000000000000000e-02
-------------------------- VALIDATION ITERATION 101 ---------------------------
VAFnet(35,15)   mnlp = 1.173369077802287607781295264430809766054153442382812e+00
VAFnet(35,15)    mse = 5.613606884288570020302699958847369998693466186523438e-01
VAFnet(35,15)   nmse = 6.991596901602264296782252017692371737211942672729492e-03
VAFnet(35,15)    obj = 2.945778794331973585940431803464889526367187500000000e+03
VAFnet(35,15)   rmse = 7.474584712404636066551688600156921893358230590820312e-01
VAFnet(35,15)  score = 5.365676974994748778258202293045542319305241107940674e-03
VAFnet(35,15)   time = 3.912077903747558593750000000000000000000000000000000e+00
-------------------------- VALIDATION ITERATION 201 ---------------------------
VAFnet(35,15)   mnlp = 1.048383650110287002021891566982958465814590454101562e+00
VAFnet(35,15)    mse = 4.571370052950096685151493147714063525199890136718750e-01
VAFnet(35,15)   nmse = 5.675138253432895907302224713930627331137657165527344e-03
VAFnet(35,15)    obj = 2.843273295976330700796097517013549804687500000000000e+03
VAFnet(35,15)   rmse = 6.745956676731580392569753712450619786977767944335938e-01
VAFnet(35,15)  score = 4.219535797262168562438144903126158169470727443695068e-03
VAFnet(35,15)   time = 8.343678951263427734375000000000000000000000000000000e+00
-------------------------- VALIDATION ITERATION 301 ---------------------------
VAFnet(35,15)   mnlp = 9.291719294866164213786419168172869831323623657226562e-01
VAFnet(35,15)    mse = 3.705134280709443395096513995667919516563415527343750e-01
VAFnet(35,15)   nmse = 4.606219206006319580315455652907985495403409004211426e-03
VAFnet(35,15)    obj = 2.759085493875307292910292744636535644531250000000000e+03
VAFnet(35,15)   rmse = 6.065352327423382261528672643180470913648605346679688e-01
VAFnet(35,15)  score = 3.320578848011962111441697231839498272165656089782715e-03
VAFnet(35,15)   time = 1.291224145889282226562500000000000000000000000000000e+01
-------------------------- VALIDATION ITERATION 401 ---------------------------
VAFnet(35,15)   mnlp = 8.547359171698380997383992507820948958396911621093750e-01
VAFnet(35,15)    mse = 3.218555683712037152055529531935462728142738342285156e-01
VAFnet(35,15)   nmse = 3.990662881201918581186571799435114371590316295623779e-03
VAFnet(35,15)    obj = 2.688895653827452861150959506630897521972656250000000e+03
VAFnet(35,15)   rmse = 5.651898821645956472181637764151673763990402221679688e-01
VAFnet(35,15)  score = 2.814762350052514485593269100149882433470338582992554e-03
VAFnet(35,15)   time = 1.684471797943115234375000000000000000000000000000000e+01
-------------------------- VALIDATION ITERATION 501 ---------------------------
VAFnet(35,15)   mnlp = 7.914624622470856074585299211321398615837097167968750e-01
VAFnet(35,15)    mse = 2.841658503724825979297463618422625586390495300292969e-01
VAFnet(35,15)   nmse = 3.494695387701736086216719456842838553711771965026855e-03
VAFnet(35,15)    obj = 2.614303249297752245183801278471946716308593750000000e+03
VAFnet(35,15)   rmse = 5.315654242346828928234003797115292400121688842773438e-01
VAFnet(35,15)  score = 2.413083414890898441285127518085573683492839336395264e-03
VAFnet(35,15)   time = 2.101604866981506347656250000000000000000000000000000e+01
-------------------------- VALIDATION ITERATION 601 ---------------------------
VAFnet(35,15)   mnlp = 7.121706930577137439897228432528208941221237182617188e-01
VAFnet(35,15)    mse = 2.429094437875028711371072631663992069661617279052734e-01
VAFnet(35,15)   nmse = 2.968164705702181719454424424498029111418873071670532e-03
VAFnet(35,15)    obj = 2.535744264234770525945350527763366699218750000000000e+03
VAFnet(35,15)   rmse = 4.919035239324815456107842237543081864714622497558594e-01
VAFnet(35,15)  score = 1.994474365813077732650926421342774119693785905838013e-03
VAFnet(35,15)   time = 2.577546525001525878906250000000000000000000000000000e+01
-------------------------- VALIDATION ITERATION 701 ---------------------------
VAFnet(35,15)   mnlp = 6.507841745016582635230406594928354024887084960937500e-01
VAFnet(35,15)    mse = 2.148251538294120299710243671142961829900741577148438e-01
VAFnet(35,15)   nmse = 2.617825488246981746609520769197843037545680999755859e-03
VAFnet(35,15)    obj = 2.471799152502137076226063072681427001953125000000000e+03
VAFnet(35,15)   rmse = 4.625734301869703912757358921226114034652709960937500e-01
VAFnet(35,15)  score = 1.722700739329568672686399111171340337023138999938965e-03
VAFnet(35,15)   time = 3.020680332183837890625000000000000000000000000000000e+01
-------------------------- VALIDATION ITERATION 801 ---------------------------
VAFnet(35,15)   mnlp = 5.801889470552888949939074336725752800703048706054688e-01
VAFnet(35,15)    mse = 1.867886747899540900164083723211660981178283691406250e-01
VAFnet(35,15)   nmse = 2.295759726396365447975700391225473140366375446319580e-03
VAFnet(35,15)    obj = 2.423707845235452623455785214900970458984375000000000e+03
VAFnet(35,15)   rmse = 4.313959882654811450741760836535831913352012634277344e-01
VAFnet(35,15)  score = 1.475511216232834469166967927833411522442474961280823e-03
VAFnet(35,15)   time = 3.486611557006835937500000000000000000000000000000000e+01
-------------------------- VALIDATION ITERATION 901 ---------------------------
VAFnet(35,15)   mnlp = 5.301781543567319898713208203844260424375534057617188e-01
VAFnet(35,15)    mse = 1.689919176880050333267035966855473816394805908203125e-01
VAFnet(35,15)   nmse = 2.064359877949402833491321374026483681518584489822388e-03
VAFnet(35,15)    obj = 2.378301045717097167653264477849006652832031250000000e+03
VAFnet(35,15)   rmse = 4.106597099105011028363776404148666188120841979980469e-01
VAFnet(35,15)  score = 1.300233772044036588064197523806342360330745577812195e-03
VAFnet(35,15)   time = 3.818151640892028808593750000000000000000000000000000e+01
----------------------------- OPTIMIZATION RESULT ------------------------------
VAFnet(35,15)   mnlp = 4.569688219091476710786992043722420930862426757812500e-01
VAFnet(35,15)    mse = 1.458515248473495062864202509445021860301494598388672e-01
VAFnet(35,15)   nmse = 1.780913425050476223479578585795479739317670464515686e-03
VAFnet(35,15)    obj = 2.311835074424617687327554449439048767089843750000000e+03
VAFnet(35,15)   rmse = 3.816987628198433846193893259624019265174865722656250e-01
VAFnet(35,15)  score = 1.090142103604493581392453904754802351817488670349121e-03
VAFnet(35,15)   time = 4.503525567054748535156250000000000000000000000000000e+01
------------------------------ COMPARISON RESULT -------------------------------
VAFnet(35,15)   mnlp = 1.189504882909912186761e+00 <> 6.61615398877866880412e+01
VAFnet(35,15)    mse = 2.635539682690650753472e-01 <> 1.83140741213209068405e+01
VAFnet(35,15)   nmse = 2.790896361098170637416e-03 <> 1.93936305181696994060e-01
VAFnet(35,15)    obj = 5.726874626561347213283e+03 <> 2.31183507442461768733e+03
VAFnet(35,15)   rmse = 5.133750756211924448635e-01 <> 4.27949461050261259487e+00
VAFnet(35,15)  score = 2.139647675927023283415e-03 <> 1.93936305181696994060e-01
VAFnet(35,15)   time = 6.799561977386474609375e+00 <> 4.50352556705474853516e+01
-------------------------------------------------------------------------------- 
Initializing hyperparameters...
done.
-------------------------- VALIDATION ITERATION 1 ---------------------------
VAFnet(35,15)   mnlp = 7.311135448239941325709878583438694477081298828125000e+00
VAFnet(35,15)    mse = 2.039703262410215156563708660542033612728118896484375e+00
VAFnet(35,15)   nmse = 2.595847868040995765070988454681355506181716918945312e-02
VAFnet(35,15)    obj = 4.560931652496438800881151109933853149414062500000000e+03
VAFnet(35,15)   rmse = 1.407748402413375954367324993654619902372360229492188e+00
VAFnet(35,15)  score = 2.590924509112892473727818298812053399160504341125488e-02
VAFnet(35,15)   time = 4.221582412719726562500000000000000000000000000000000e-02
-------------------------- VALIDATION ITERATION 101 ---------------------------
VAFnet(35,15)   mnlp = 8.219761321703368261992750376521144062280654907226562e-01
VAFnet(35,15)    mse = 2.543965243618356297794491638342151418328285217285156e-01
VAFnet(35,15)   nmse = 3.179281385611033503013622691923956153914332389831543e-03
VAFnet(35,15)    obj = 2.415919299150205006299074739217758178710937500000000e+03
VAFnet(35,15)   rmse = 5.021135699521029893688250922423321753740310668945312e-01
VAFnet(35,15)  score = 2.234173655605041497462792676742537878453731536865234e-03
VAFnet(35,15)   time = 4.004249095916748046875000000000000000000000000000000e+00
-------------------------- VALIDATION ITERATION 201 ---------------------------
VAFnet(35,15)   mnlp = 5.756391513515155544666868081549182534217834472656250e-01
VAFnet(35,15)    mse = 1.786487225740681916708041399033390916883945465087891e-01
VAFnet(35,15)   nmse = 2.219786915434155630949542015173392428550869226455688e-03
VAFnet(35,15)    obj = 2.318308391191264036024222150444984436035156250000000e+03
VAFnet(35,15)   rmse = 4.222309343330628572665830233745509758591651916503906e-01
VAFnet(35,15)  score = 1.425916348754819457100850854658347088843584060668945e-03
VAFnet(35,15)   time = 9.311924457550048828125000000000000000000000000000000e+00
-------------------------- VALIDATION ITERATION 301 ---------------------------
VAFnet(35,15)   mnlp = 4.494978437058039233420458913315087556838989257812500e-01
VAFnet(35,15)    mse = 1.421727458215944206454395271066459827125072479248047e-01
VAFnet(35,15)   nmse = 1.763048317752748291031839045217566308565437793731689e-03
VAFnet(35,15)    obj = 2.251493454686097265948774293065071105957031250000000e+03
VAFnet(35,15)   rmse = 3.765410338399964307320999523653881624341011047363281e-01
VAFnet(35,15)  score = 1.080381693402112687485416842037011520005762577056885e-03
VAFnet(35,15)   time = 1.553534317016601562500000000000000000000000000000000e+01
-------------------------- VALIDATION ITERATION 401 ---------------------------
VAFnet(35,15)   mnlp = 3.325319035856704741327405372430803254246711730957031e-01
VAFnet(35,15)    mse = 1.136905560688086930243301253540266770869493484497070e-01
VAFnet(35,15)   nmse = 1.401415863081341244000821433246528613381087779998779e-03
VAFnet(35,15)    obj = 2.200300373453850625082850456237792968750000000000000e+03
VAFnet(35,15)   rmse = 3.368249226911814164786562741937814280390739440917969e-01
VAFnet(35,15)  score = 8.175589880361674435457763898682514991378411650657654e-04
VAFnet(35,15)   time = 2.165505743026733398437500000000000000000000000000000e+01
-------------------------- VALIDATION ITERATION 501 ---------------------------
VAFnet(35,15)   mnlp = 2.707985656446407207731397193128941580653190612792969e-01
VAFnet(35,15)    mse = 1.005686406834107177177273229062848258763551712036133e-01
VAFnet(35,15)   nmse = 1.235759633073722904214597484440218977397307753562927e-03
VAFnet(35,15)    obj = 2.164007133268010420579230412840843200683593750000000e+03
VAFnet(35,15)   rmse = 3.167293774998165001299810228374553844332695007324219e-01
VAFnet(35,15)  score = 7.020800525459592288102239621139233349822461605072021e-04
VAFnet(35,15)   time = 2.512525105476379394531250000000000000000000000000000e+01
----------------------------- OPTIMIZATION RESULT ------------------------------
VAFnet(35,15)   mnlp = 2.015918610983863101804303141761920414865016937255859e-01
VAFnet(35,15)    mse = 8.758184488074101381460678794610430486500263214111328e-02
VAFnet(35,15)   nmse = 1.079279315017106196175622478961031447397544980049133e-03
VAFnet(35,15)    obj = 2.115830263115100024151615798473358154296875000000000e+03
VAFnet(35,15)   rmse = 2.959215556877426434034816793428035452961921691894531e-01
VAFnet(35,15)  score = 5.938964469979016993703146987115815136348828673362732e-04
VAFnet(35,15)   time = 2.984367966651916503906250000000000000000000000000000e+01
------------------------------ COMPARISON RESULT -------------------------------
VAFnet(35,15)   mnlp = 3.931291411707331096004e-01 <> 3.09168935719239357240e+01
VAFnet(35,15)    mse = 1.216520065071634570941e-01 <> 5.33299689858608783055e+00
VAFnet(35,15)   nmse = 1.202178962097410130569e-03 <> 5.27012817995189120079e-02
VAFnet(35,15)    obj = 5.726874626561347213283e+03 <> 2.11583026311510002415e+03
VAFnet(35,15)   rmse = 3.487864769556919819493e-01 <> 2.30932823535029063677e+00
VAFnet(35,15)  score = 7.177438168697047610883e-04 <> 5.27012817995169483010e-02
VAFnet(35,15)   time = 6.799561977386474609375e+00 <> 2.98436796665191650391e+01
-------------------------------------------------------------------------------- 
Initializing hyperparameters...
done.
-------------------------- VALIDATION ITERATION 1 ---------------------------
VAFnet(35,15)   mnlp = 5.598652839851193441234045167220756411552429199218750e+00
VAFnet(35,15)    mse = 1.016681154802472120124434695753734558820724487304688e+00
VAFnet(35,15)   nmse = 1.245104968421271822431872777769967797212302684783936e-02
VAFnet(35,15)    obj = 3.774395250912702977075241506099700927734375000000000e+03
VAFnet(35,15)   rmse = 1.001623613978105176158805988961830735206604003906250e+00
VAFnet(35,15)  score = 1.238005319204841907232417241857547196559607982635498e-02
VAFnet(35,15)   time = 4.398965835571289062500000000000000000000000000000000e-02
-------------------------- VALIDATION ITERATION 101 ---------------------------
VAFnet(35,15)   mnlp = 6.602353921984510654041855559626128524541854858398438e-01
VAFnet(35,15)    mse = 1.716925580087151903541098363348282873630523681640625e-01
VAFnet(35,15)   nmse = 2.096773482726558071598255139633693033829331398010254e-03
VAFnet(35,15)    obj = 2.232941174300241073069628328084945678710937500000000e+03
VAFnet(35,15)   rmse = 4.130671266897448234978185155341634526848793029785156e-01
VAFnet(35,15)  score = 1.393819809823696733927511637318730208789929747581482e-03
VAFnet(35,15)   time = 4.387573003768920898437500000000000000000000000000000e+00
-------------------------- VALIDATION ITERATION 201 ---------------------------
VAFnet(35,15)   mnlp = 4.376375464806110393567450955742970108985900878906250e-01
VAFnet(35,15)    mse = 1.302870477846795604914831301357480697333812713623047e-01
VAFnet(35,15)   nmse = 1.595943646286402924430736227634497481631115078926086e-03
VAFnet(35,15)    obj = 2.160540574644671323767397552728652954101562500000000e+03
VAFnet(35,15)   rmse = 3.590672660509254821015190373145742341876029968261719e-01
VAFnet(35,15)  score = 9.828417851404334937281959128085873089730739593505859e-04
VAFnet(35,15)   time = 9.975587844848632812500000000000000000000000000000000e+00
-------------------------- VALIDATION ITERATION 301 ---------------------------
VAFnet(35,15)   mnlp = 3.154820151771508540683441879082238301634788513183594e-01
VAFnet(35,15)    mse = 1.063805557839605092640411498905450571328401565551758e-01
VAFnet(35,15)   nmse = 1.307520356758394260501821015907353285001590847969055e-03
VAFnet(35,15)    obj = 2.108497265445128959981957450509071350097656250000000e+03
VAFnet(35,15)   rmse = 3.237175437692502710795849907299270853400230407714844e-01
VAFnet(35,15)  score = 7.698826075678467809396132714994109846884384751319885e-04
VAFnet(35,15)   time = 1.547728085517883300781250000000000000000000000000000e+01
-------------------------- VALIDATION ITERATION 401 ---------------------------
VAFnet(35,15)   mnlp = 1.983697181219781502381493965003755874931812286376953e-01
VAFnet(35,15)    mse = 8.634347849461843082963241613470017910003662109375000e-02
VAFnet(35,15)   nmse = 1.057310285746325146521984450487252615857869386672974e-03
VAFnet(35,15)    obj = 2.063014950378887988335918635129928588867187500000000e+03
VAFnet(35,15)   rmse = 2.923747675870547735321736126934411004185676574707031e-01
VAFnet(35,15)  score = 5.879977003247219757495201086783254140755161643028259e-04
VAFnet(35,15)   time = 1.938860201835632324218750000000000000000000000000000e+01
----------------------------- OPTIMIZATION RESULT ------------------------------
VAFnet(35,15)   mnlp = 1.315871596382071073705333219550084322690963745117188e-01
VAFnet(35,15)    mse = 7.603901434102561252004193192988168448209762573242188e-02
VAFnet(35,15)   nmse = 9.311530779229967164090098208362178411334753036499023e-04
VAFnet(35,15)    obj = 2.048937190459021621791180223226547241210937500000000e+03
VAFnet(35,15)   rmse = 2.747059449173475109695630180794978514313697814941406e-01
VAFnet(35,15)  score = 5.007658353831112314075157954107453406322747468948364e-04
VAFnet(35,15)   time = 2.157912659645080566406250000000000000000000000000000e+01
------------------------------ COMPARISON RESULT -------------------------------
VAFnet(35,15)   mnlp = 4.001060670025388676940e-01 <> 3.27826941468413863845e+01
VAFnet(35,15)    mse = 1.228554568597533536156e-01 <> 4.77081205874291747193e+00
VAFnet(35,15)   nmse = 1.269459168810664791149e-03 <> 4.92965576413700312663e-02
VAFnet(35,15)    obj = 5.726874626561347213283e+03 <> 2.04893719045902162179e+03
VAFnet(35,15)   rmse = 3.505074276812880085252e-01 <> 2.18421886695058953265e+00
VAFnet(35,15)  score = 7.600418896086520801486e-04 <> 4.92965576413697467717e-02
VAFnet(35,15)   time = 6.799561977386474609375e+00 <> 2.15791265964508056641e+01
-------------------------------------------------------------------------------- 
Initializing hyperparameters...
done.
-------------------------------------------------------------------------------- 
Compiling theano functions...
done.
-------------------------- VALIDATION ITERATION 1 ---------------------------
VAFnet(35)   mnlp = 3.271080636616318315645912662148475646972656250000000000e+00
VAFnet(35)    mse = 1.969844932689684213755754171870648860931396484375000000e+01
VAFnet(35)   nmse = 2.268136464807546381905467569595202803611755371093750000e-01
VAFnet(35)    obj = 5.255144212507855627336539328098297119140625000000000000e+03
VAFnet(35)   rmse = 4.350393367904614727592615963658317923545837402343750000e+00
VAFnet(35)  score = 2.185826531118011673004986050727893598377704620361328125e-01
VAFnet(35)   time = 1.270015954971313476562500000000000000000000000000000000e+00
-------------------------- VALIDATION ITERATION 101 ---------------------------
VAFnet(35)   mnlp = 3.077608648531623192212691719760186970233917236328125000e+00
VAFnet(35)    mse = 9.107350908027571634306696068961173295974731445312500000e+00
VAFnet(35)   nmse = 1.102702341689930087831328364700311794877052307128906250e-01
VAFnet(35)    obj = 3.589997969435493359924294054508209228515625000000000000e+03
VAFnet(35)   rmse = 3.008299963338597393658346845768392086029052734375000000e+00
VAFnet(35)  score = 1.054109228335080444827198675739055033773183822631835938e-01
VAFnet(35)   time = 1.075493869781494140625000000000000000000000000000000000e+02
----------------------------- OPTIMIZATION RESULT ------------------------------
VAFnet(35)   mnlp = 2.970228324342785608536132713197730481624603271484375000e+00
VAFnet(35)    mse = 9.312497119771510512009626836515963077545166015625000000e+00
VAFnet(35)   nmse = 1.122229700440096761271391301306721288710832595825195312e-01
VAFnet(35)    obj = 3.142007245331553349387831985950469970703125000000000000e+03
VAFnet(35)   rmse = 3.038661285446023097023271475336514413356781005859375000e+00
VAFnet(35)  score = 1.067453676699985781750612545693002175539731979370117188e-01
VAFnet(35)   time = 1.789388411045074462890625000000000000000000000000000000e+02
------------------------------ COMPARISON RESULT -------------------------------
VAFnet(35)   mnlp = 6.1697356154120308602273e-01 <> 3.0712047766731820352959e+00
VAFnet(35)    mse = 1.6132176080674806573079e-01 <> 1.9849412718865941940294e+01
VAFnet(35)   nmse = 1.7978354734867292227807e-03 <> 2.2120994796607201804406e-01
VAFnet(35)    obj = 5.7268746265613472132827e+03 <> 3.1420072453315533493878e+03
VAFnet(35)   rmse = 4.0164880282001097500100e-01 <> 4.4552679738558875754961e+00
VAFnet(35)  score = 1.1677479310016709510012e-03 <> 2.1140796251984483866693e-01
VAFnet(35)   time = 6.7995619773864746093750e+00 <> 1.7893884110450744628906e+02
-------------------------------------------------------------------------------- 
Initializing hyperparameters...
done.
-------------------------- VALIDATION ITERATION 1 ---------------------------
VAFnet(35)   mnlp = 2.982715718565795981476185261271893978118896484375000000e+00
VAFnet(35)    mse = 1.010319050876391422377764683915302157402038574218750000e+01
VAFnet(35)   nmse = 1.191523430085129758859707749252265784889459609985351562e-01
VAFnet(35)    obj = 3.144921792987795470253331586718559265136718750000000000e+03
VAFnet(35)   rmse = 3.143780496942573776664175966288894414901733398437500000e+00
VAFnet(35)  score = 1.134487677104722841425754609190335031598806381225585938e-01
VAFnet(35)   time = 9.375164508819580078125000000000000000000000000000000000e-01
-------------------------- VALIDATION ITERATION 101 ---------------------------
VAFnet(35)   mnlp = 2.768807771050354915587377035990357398986816406250000000e+00
VAFnet(35)    mse = 8.811431318645444932258214976172894239425659179687500000e+00
VAFnet(35)   nmse = 1.042252657222790118707322903901513200253248214721679688e-01
VAFnet(35)    obj = 2.600736252775829598249401897192001342773437500000000000e+03
VAFnet(35)   rmse = 2.962749004604318781019856032798998057842254638671875000e+00
VAFnet(35)  score = 9.807784861722945723983002608292736113071441650390625000e-02
VAFnet(35)   time = 1.104240598678588867187500000000000000000000000000000000e+02
----------------------------- OPTIMIZATION RESULT ------------------------------
VAFnet(35)   mnlp = 2.685864880844983648700008416199125349521636962890625000e+00
VAFnet(35)    mse = 9.289861501374241825601529853884130716323852539062500000e+00
VAFnet(35)   nmse = 1.094806957402742336737944128799426835030317306518554688e-01
VAFnet(35)    obj = 2.393013803627321067324373871088027954101562500000000000e+03
VAFnet(35)   rmse = 3.040193740849053138930457862443290650844573974609375000e+00
VAFnet(35)  score = 1.025037373555606340369550366631301585584878921508789062e-01
VAFnet(35)   time = 1.659290745258331298828125000000000000000000000000000000e+02
------------------------------ COMPARISON RESULT -------------------------------
VAFnet(35)   mnlp = 1.9674030580871662010622e+00 <> 2.7132619441612795263552e+00
VAFnet(35)    mse = 4.0130248002821056196865e-01 <> 1.0680498590625353116934e+01
VAFnet(35)   nmse = 5.0707772339998085156521e-03 <> 1.3495662697450283573630e-01
VAFnet(35)    obj = 5.7268746265613472132827e+03 <> 2.3930138036273210673244e+03
VAFnet(35)   rmse = 6.3348439604161566052198e-01 <> 3.2681032099101998689150e+00
VAFnet(35)  score = 4.4487546373323501661123e-03 <> 1.2656295639631026661576e-01
VAFnet(35)   time = 6.7995619773864746093750e+00 <> 1.6592907452583312988281e+02
-------------------------------------------------------------------------------- 
Initializing hyperparameters...
done.
-------------------------- VALIDATION ITERATION 1 ---------------------------
VAFnet(35)   mnlp = 2.685171186239536211814993293955922126770019531250000000e+00
VAFnet(35)    mse = 9.343370881043757236739111249335110187530517578125000000e+00
VAFnet(35)   nmse = 1.107429526026560417939492708683246746659278869628906250e-01
VAFnet(35)    obj = 2.393482385610811434162314981222152709960937500000000000e+03
VAFnet(35)   rmse = 3.048681688012613744120926639880053699016571044921875000e+00
VAFnet(35)  score = 1.036888548740010490556429090247547719627618789672851562e-01
VAFnet(35)   time = 2.506170272827148437500000000000000000000000000000000000e-01
-------------------------- VALIDATION ITERATION 101 ---------------------------
VAFnet(35)   mnlp = 2.525526104425301454625696351286023855209350585937500000e+00
VAFnet(35)    mse = 7.871202089722427963636164349736645817756652832031250000e+00
VAFnet(35)   nmse = 9.292617067766524574512487788524595089256763458251953125e-02
VAFnet(35)    obj = 2.088412186296523941564373672008514404296875000000000000e+03
VAFnet(35)   rmse = 2.788383140591044195844006026163697242736816406250000000e+00
VAFnet(35)  score = 8.610094509351116920381485897451057098805904388427734375e-02
VAFnet(35)   time = 1.157609183788299560546875000000000000000000000000000000e+02
-------------------------- VALIDATION ITERATION 201 ---------------------------
VAFnet(35)   mnlp = 2.387198101782710413232280188822187483310699462890625000e+00
VAFnet(35)    mse = 6.246587361454963627238612389191985130310058593750000000e+00
VAFnet(35)   nmse = 7.371771766348934884494070729488157667219638824462890625e-02
VAFnet(35)    obj = 1.840771640372202227808884344995021820068359375000000000e+03
VAFnet(35)   rmse = 2.481886487401460783530637854710221290588378906250000000e+00
VAFnet(35)  score = 6.758196048798657817879842468755668960511684417724609375e-02
VAFnet(35)   time = 2.270120813846588134765625000000000000000000000000000000e+02
-------------------------- VALIDATION ITERATION 301 ---------------------------
VAFnet(35)   mnlp = 2.302024652877743715606584373745135962963104248046875000e+00
VAFnet(35)    mse = 5.500306777198325391964317532256245613098144531250000000e+00
VAFnet(35)   nmse = 6.489169560033837547141644108705804683268070220947265625e-02
VAFnet(35)    obj = 1.639289650518054941130685620009899139404296875000000000e+03
VAFnet(35)   rmse = 2.328323739649290402553560852538794279098510742187500000e+00
VAFnet(35)  score = 5.906307955915455348838705162961559835821390151977539062e-02
VAFnet(35)   time = 2.970721421241760253906250000000000000000000000000000000e+02
-------------------------- VALIDATION ITERATION 401 ---------------------------
VAFnet(35)   mnlp = 2.243396965755811933718177897389978170394897460937500000e+00
VAFnet(35)    mse = 5.037563621874575403580820420756936073303222656250000000e+00
VAFnet(35)   nmse = 5.950850204428551060154006790980929508805274963378906250e-02
VAFnet(35)    obj = 1.471551717166498519873130135238170623779296875000000000e+03
VAFnet(35)   rmse = 2.230970061007313987033739977050572633743286132812500000e+00
VAFnet(35)  score = 5.386259905148473720037927137127553578466176986694335938e-02
VAFnet(35)   time = 3.064032325744628906250000000000000000000000000000000000e+02
-------------------------- VALIDATION ITERATION 501 ---------------------------
VAFnet(35)   mnlp = 2.204154560329167455989818336092866957187652587890625000e+00
VAFnet(35)    mse = 4.746921466000395106732412386918440461158752441406250000e+00
VAFnet(35)   nmse = 5.609556891088626762176261308923130854964256286621093750e-02
VAFnet(35)    obj = 1.327589922432134699192829430103302001953125000000000000e+03
VAFnet(35)   rmse = 2.165839054406784480732994779828004539012908935546875000e+00
VAFnet(35)  score = 5.058505671285538213277632735298539046198129653930664062e-02
VAFnet(35)   time = 3.148473200798034667968750000000000000000000000000000000e+02
-------------------------- VALIDATION ITERATION 601 ---------------------------
VAFnet(35)   mnlp = 2.169342483496746076809813530417159199714660644531250000e+00
VAFnet(35)    mse = 4.465090070302906610777426976710557937622070312500000000e+00
VAFnet(35)   nmse = 5.277413867595637936291907976738002616912126541137695312e-02
VAFnet(35)    obj = 1.201531986957681965577648952603340148925781250000000000e+03
VAFnet(35)   rmse = 2.100268035025967261475443592644296586513519287109375000e+00
VAFnet(35)  score = 4.743001314383477051705995108932256698608398437500000000e-02
VAFnet(35)   time = 3.227983641624450683593750000000000000000000000000000000e+02
-------------------------- VALIDATION ITERATION 701 ---------------------------
VAFnet(35)   mnlp = 2.138891740954717679557006704271771013736724853515625000e+00
VAFnet(35)    mse = 4.216689238425058050552252097986638545989990234375000000e+00
VAFnet(35)   nmse = 4.986527608960786284164612425229279324412345886230468750e-02
VAFnet(35)    obj = 1.088942651455957729922374710440635681152343750000000000e+03
VAFnet(35)   rmse = 2.041171950669693924140801755129359662532806396484375000e+00
VAFnet(35)  score = 4.467793587617611278384188722156977746635675430297851562e-02
VAFnet(35)   time = 3.302098808288574218750000000000000000000000000000000000e+02
-------------------------- VALIDATION ITERATION 801 ---------------------------
VAFnet(35)   mnlp = 2.112975753826785485500749928178265690803527832031250000e+00
VAFnet(35)    mse = 4.006041596966117168676646542735397815704345703125000000e+00
VAFnet(35)   nmse = 4.739149076344698757745632633486820850521326065063476562e-02
VAFnet(35)    obj = 9.889182737114460906013846397399902343750000000000000000e+02
VAFnet(35)   rmse = 1.989327905854879618985364686523098498582839965820312500e+00
VAFnet(35)  score = 4.235004481072222187743037125073897186666727066040039062e-02
VAFnet(35)   time = 3.374945023059844970703125000000000000000000000000000000e+02
-------------------------- VALIDATION ITERATION 901 ---------------------------
VAFnet(35)   mnlp = 2.082311362730321580016834559501148760318756103515625000e+00
VAFnet(35)    mse = 3.763856260420075816597318407730199396610260009765625000e+00
VAFnet(35)   nmse = 4.452909979160538100906308045523473992943763732910156250e-02
VAFnet(35)    obj = 8.983781493431356466317083686590194702148437500000000000e+02
VAFnet(35)   rmse = 1.928376850495665095763797580730170011520385742187500000e+00
VAFnet(35)  score = 3.966166986461402282904131766372302081435918807983398438e-02
VAFnet(35)   time = 3.446504344940185546875000000000000000000000000000000000e+02
----------------------------- OPTIMIZATION RESULT ------------------------------
VAFnet(35)   mnlp = 2.045627362398569903945144687895663082599639892578125000e+00
VAFnet(35)    mse = 3.494586238781577147705093011609278619289398193359375000e+00
VAFnet(35)   nmse = 4.132564695102321911113207875132502522319555282592773438e-02
VAFnet(35)    obj = 8.162892653673194445218541659414768218994140625000000000e+02
VAFnet(35)   rmse = 1.857806975261203419336197839584201574325561523437500000e+00
VAFnet(35)  score = 3.666122417699952534819729521586850751191377639770507812e-02
VAFnet(35)   time = 3.528575584888458251953125000000000000000000000000000000e+02
------------------------------ COMPARISON RESULT -------------------------------
VAFnet(35)   mnlp = 1.7119944451476105662380e+00 <> 2.6069243583413772569202e+00
VAFnet(35)    mse = 3.5532690977772884988184e-01 <> 7.1064745729621492387196e+00
VAFnet(35)   nmse = 4.3295884419102181536743e-03 <> 8.6590993609441099798651e-02
VAFnet(35)    obj = 5.7268746265613472132827e+03 <> 8.1628926536731944452185e+02
VAFnet(35)   rmse = 5.9609303785376388518102e-01 <> 2.6657971740104589031262e+00
VAFnet(35)  score = 3.6675718293919163694172e-03 <> 8.0642702562282675415872e-02
VAFnet(35)   time = 6.7995619773864746093750e+00 <> 3.5285755848884582519531e+02
-------------------------------------------------------------------------------- 
Initializing hyperparameters...
done.
-------------------------- VALIDATION ITERATION 1 ---------------------------
VAFnet(35)   mnlp = 2.122747074077324214158579707145690917968750000000000000e+00
VAFnet(35)    mse = 3.967034203593392760467395419254899024963378906250000000e+00
VAFnet(35)   nmse = 4.897034627948756296822452327432984020560979843139648438e-02
VAFnet(35)    obj = 8.380550443911499769455986097455024719238281250000000000e+02
VAFnet(35)   rmse = 1.988662010765868126682676120253745466470718383789062500e+00
VAFnet(35)  score = 4.373795847256514018885908967604336794465780258178710938e-02
VAFnet(35)   time = 1.054069995880126953125000000000000000000000000000000000e-01
-------------------------- VALIDATION ITERATION 101 ---------------------------
VAFnet(35)   mnlp = 2.030303331182170101243400495150126516819000244140625000e+00
VAFnet(35)    mse = 3.350293004817970654585224110633134841918945312500000000e+00
VAFnet(35)   nmse = 4.142093368222010685286704756435938179492950439453125000e-02
VAFnet(35)    obj = 7.481316654279128215421224012970924377441406250000000000e+02
VAFnet(35)   rmse = 1.826818495816684650989714100433047860860824584960937500e+00
VAFnet(35)  score = 3.662616808416269131853937324194703251123428344726562500e-02
VAFnet(35)   time = 7.955563545227050781250000000000000000000000000000000000e+00
-------------------------- VALIDATION ITERATION 201 ---------------------------
VAFnet(35)   mnlp = 1.992684947462438627141523284080903977155685424804687500e+00
VAFnet(35)    mse = 3.099426333476495543095552420709282159805297851562500000e+00
VAFnet(35)   nmse = 3.835226953406670191704108674457529559731483459472656250e-02
VAFnet(35)    obj = 6.796707778786289964045863598585128784179687500000000000e+02
VAFnet(35)   rmse = 1.756891475326723295324882201384752988815307617187500000e+00
VAFnet(35)  score = 3.376668548975540751211354972838307730853557586669921875e-02
VAFnet(35)   time = 2.002332830429077148437500000000000000000000000000000000e+01
-------------------------- VALIDATION ITERATION 301 ---------------------------
VAFnet(35)   mnlp = 1.967464004222486240180955974210519343614578247070312500e+00
VAFnet(35)    mse = 2.927004211035948433305975413531996309757232666015625000e+00
VAFnet(35)   nmse = 3.624894608866895823195974912778183352202177047729492188e-02
VAFnet(35)    obj = 6.203232766665626058966154232621192932128906250000000000e+02
VAFnet(35)   rmse = 1.707331280009400265029739784949924796819686889648437500e+00
VAFnet(35)  score = 3.181996650643485052833980830655491445213556289672851562e-02
VAFnet(35)   time = 8.350515866279602050781250000000000000000000000000000000e+01
-------------------------- VALIDATION ITERATION 401 ---------------------------
VAFnet(35)   mnlp = 1.949980255887060920372277905698865652084350585937500000e+00
VAFnet(35)    mse = 2.804751653419874646289144948241300880908966064453125000e+00
VAFnet(35)   nmse = 3.475078461523339184990888384163554292172193527221679688e-02
VAFnet(35)    obj = 5.691800101621622616221429780125617980957031250000000000e+02
VAFnet(35)   rmse = 1.671235293520062503702661160787101835012435913085937500e+00
VAFnet(35)  score = 3.044123979834888540918491628417541505768895149230957031e-02
VAFnet(35)   time = 1.907211027145385742187500000000000000000000000000000000e+02
-------------------------- VALIDATION ITERATION 501 ---------------------------
VAFnet(35)   mnlp = 1.936300268387747935960874201555270701646804809570312500e+00
VAFnet(35)    mse = 2.717508140378976477791184152010828256607055664062500000e+00
VAFnet(35)   nmse = 3.367007857812684412657233679055934771895408630371093750e-02
VAFnet(35)    obj = 5.247777524090024598990567028522491455078125000000000000e+02
VAFnet(35)   rmse = 1.644747065280979692047935714072082191705703735351562500e+00
VAFnet(35)  score = 2.944690544453436656380240776798018487170338630676269531e-02
VAFnet(35)   time = 3.031456592082977294921875000000000000000000000000000000e+02
-------------------------- VALIDATION ITERATION 601 ---------------------------
VAFnet(35)   mnlp = 1.924952619535104991754792536085005849599838256835937500e+00
VAFnet(35)    mse = 2.649947701541860656249127714545466005802154541015625000e+00
VAFnet(35)   nmse = 3.282872552906691138163708387764927465468645095825195312e-02
VAFnet(35)    obj = 4.857233415045793094577675219625234603881835937500000000e+02
VAFnet(35)   rmse = 1.623875609290633237336010097351390868425369262695312500e+00
VAFnet(35)  score = 2.867234921198278177478790951226983452215790748596191406e-02
VAFnet(35)   time = 4.152093284130096435546875000000000000000000000000000000e+02
-------------------------- VALIDATION ITERATION 701 ---------------------------
VAFnet(35)   mnlp = 1.912772766790911349588100165419746190309524536132812500e+00
VAFnet(35)    mse = 2.583919774480142983463792916154488921165466308593750000e+00
VAFnet(35)   nmse = 3.201283052918850458024024874248425476253032684326171875e-02
VAFnet(35)    obj = 4.512559822550290959952690172940492630004882812500000000e+02
VAFnet(35)   rmse = 1.603294428707761065666659305861685425043106079101562500e+00
VAFnet(35)  score = 2.791853859659441591811734895145491464063525199890136719e-02
VAFnet(35)   time = 5.266091315746307373046875000000000000000000000000000000e+02
-------------------------- VALIDATION ITERATION 801 ---------------------------
VAFnet(35)   mnlp = 1.897113217888997338533840775198768824338912963867187500e+00
VAFnet(35)    mse = 2.507128409179701034048548535793088376522064208984375000e+00
VAFnet(35)   nmse = 3.108138859166084677632113653089618310332298278808593750e-02
VAFnet(35)    obj = 4.206925557276795188954565674066543579101562500000000000e+02
VAFnet(35)   rmse = 1.579361846210753705932461343763861805200576782226562500e+00
VAFnet(35)  score = 2.705256797628366113861453357003483688458800315856933594e-02
VAFnet(35)   time = 6.374172220230102539062500000000000000000000000000000000e+02
-------------------------- VALIDATION ITERATION 901 ---------------------------
VAFnet(35)   mnlp = 1.879715526530595148813063133275136351585388183593750000e+00
VAFnet(35)    mse = 2.425921441340916029361096661887131631374359130859375000e+00
VAFnet(35)   nmse = 3.010256644267098394274206896170653635635972023010253906e-02
VAFnet(35)    obj = 3.936776422551000109706365037709474563598632812500000000e+02
VAFnet(35)   rmse = 1.553830571099662272160912834806367754936218261718750000e+00
VAFnet(35)  score = 2.614118806649661994057076697117736330255866050720214844e-02
VAFnet(35)   time = 7.542788801193237304687500000000000000000000000000000000e+02
----------------------------- OPTIMIZATION RESULT ------------------------------
VAFnet(35)   mnlp = 1.860237553598793169840064365416765213012695312500000000e+00
VAFnet(35)    mse = 2.338837798597666051136911846697330474853515625000000000e+00
VAFnet(35)   nmse = 2.905793385413619686619135507044120458886027336120605469e-02
VAFnet(35)    obj = 3.696001450626328050930169411003589630126953125000000000e+02
VAFnet(35)   rmse = 1.526092094778784824526951524603646248579025268554687500e+00
VAFnet(35)  score = 2.516835832374872752859040758721675956621766090393066406e-02
VAFnet(35)   time = 7.813166701793670654296875000000000000000000000000000000e+02
------------------------------ COMPARISON RESULT -------------------------------
VAFnet(35)   mnlp = 1.8957921056243027813082e+00 <> 2.9391010308761815750245e+00
VAFnet(35)    mse = 3.8926109786336487994518e-01 <> 6.2083664902470747648522e+00
VAFnet(35)   nmse = 3.4438407885994497259485e-03 <> 5.4926181596476227053660e-02
VAFnet(35)    obj = 5.7268746265613472132827e+03 <> 3.6960014506263280509302e+02
VAFnet(35)   rmse = 6.2390792418702689658971e-01 <> 2.4916593848772898844857e+00
VAFnet(35)  score = 2.9941252321273397439538e-03 <> 5.2165912343328665889963e-02
VAFnet(35)   time = 6.7995619773864746093750e+00 <> 7.8131667017936706542969e+02
-------------------------------------------------------------------------------- 
Initializing hyperparameters...
done.
-------------------------- VALIDATION ITERATION 1 ---------------------------
VAFnet(35)   mnlp = 1.980398168337463182808733108686283230781555175781250000e+00
VAFnet(35)    mse = 2.819285554540852611893342327675782144069671630859375000e+00
VAFnet(35)   nmse = 3.360567402232703115849687947047641500830650329589843750e-02
VAFnet(35)    obj = 3.884170692108345406268199440091848373413085937500000000e+02
VAFnet(35)   rmse = 1.673219250070064445523598806175868958234786987304687500e+00
VAFnet(35)  score = 2.959928065897443616449891123920679092407226562500000000e-02
VAFnet(35)   time = 1.833319664001464843750000000000000000000000000000000000e-01
-------------------------- VALIDATION ITERATION 101 ---------------------------
VAFnet(35)   mnlp = 1.899308244846191984223082727112341672182083129882812500e+00
VAFnet(35)    mse = 2.496338733233351092621887801215052604675292968750000000e+00
VAFnet(35)   nmse = 2.966443670260342224676008981987251900136470794677734375e-02
VAFnet(35)    obj = 3.444567129178599316219333559274673461914062500000000000e+02
VAFnet(35)   rmse = 1.578279678706889121997392066987231373786926269531250000e+00
VAFnet(35)  score = 2.582378603784328194303832049172342522069811820983886719e-02
VAFnet(35)   time = 1.114924001693725585937500000000000000000000000000000000e+01
-------------------------- VALIDATION ITERATION 201 ---------------------------
VAFnet(35)   mnlp = 1.885027290957432155593664901971351355314254760742187500e+00
VAFnet(35)    mse = 2.425316919002427074048000577022321522235870361328125000e+00
VAFnet(35)   nmse = 2.881245087141576233236150983429979532957077026367187500e-02
VAFnet(35)    obj = 3.265882041710153202984656672924757003784179687500000000e+02
VAFnet(35)   rmse = 1.555885483600642826829130171972792595624923706054687500e+00
VAFnet(35)  score = 2.503296909640991343981575312227505492046475410461425781e-02
VAFnet(35)   time = 1.931699991226196289062500000000000000000000000000000000e+01
-------------------------- VALIDATION ITERATION 301 ---------------------------
VAFnet(35)   mnlp = 1.877280554926975542073819269717205315828323364257812500e+00
VAFnet(35)    mse = 2.381704104173798075549939312622882425785064697265625000e+00
VAFnet(35)   nmse = 2.829341281198584009959340335171873448416590690612792969e-02
VAFnet(35)    obj = 3.140849420344221130108053330332040786743164062500000000e+02
VAFnet(35)   rmse = 1.541912130538785730138329199689906090497970581054687500e+00
VAFnet(35)  score = 2.455632753739372953205588601122144609689712524414062500e-02
VAFnet(35)   time = 2.849539446830749511718750000000000000000000000000000000e+01
-------------------------- VALIDATION ITERATION 401 ---------------------------
VAFnet(35)   mnlp = 1.871262698309785976746866253961343318223953247070312500e+00
VAFnet(35)    mse = 2.347817226925213329735697698197327554225921630859375000e+00
VAFnet(35)   nmse = 2.788978345869111419297325937804998829960823059082031250e-02
VAFnet(35)    obj = 3.047898750364624333997198846191167831420898437500000000e+02
VAFnet(35)   rmse = 1.530960043640163803502218797802925109863281250000000000e+00
VAFnet(35)  score = 2.418624605141311487144228919987654080614447593688964844e-02
VAFnet(35)   time = 1.230211768150329589843750000000000000000000000000000000e+02
-------------------------- VALIDATION ITERATION 501 ---------------------------
VAFnet(35)   mnlp = 1.865181527380858739206814789213240146636962890625000000e+00
VAFnet(35)    mse = 2.316121478418358581308211796567775309085845947265625000e+00
VAFnet(35)   nmse = 2.751153629653456736403605020768736721947789192199707031e-02
VAFnet(35)    obj = 2.978154506130202889835345558822154998779296875000000000e+02
VAFnet(35)   rmse = 1.520655830944802389126380148809403181076049804687500000e+00
VAFnet(35)  score = 2.383826609487061862213685969891230342909693717956542969e-02
VAFnet(35)   time = 2.065441253185272216796875000000000000000000000000000000e+02
-------------------------- VALIDATION ITERATION 601 ---------------------------
VAFnet(35)   mnlp = 1.858330848468894069824841608351562172174453735351562500e+00
VAFnet(35)    mse = 2.283436890997416757187465918832458555698394775390625000e+00
VAFnet(35)   nmse = 2.712124294883760944330219899711664766073226928710937500e-02
VAFnet(35)    obj = 2.925903615096026442188303917646408081054687500000000000e+02
VAFnet(35)   rmse = 1.509963416861500817844898847397416830062866210937500000e+00
VAFnet(35)  score = 2.347773117369758924533051924754545325413346290588378906e-02
VAFnet(35)   time = 2.151576616764068603515625000000000000000000000000000000e+02
-------------------------- VALIDATION ITERATION 701 ---------------------------
VAFnet(35)   mnlp = 1.851237907344066568882112733263056725263595581054687500e+00
VAFnet(35)    mse = 2.251101638826174866636620208737440407276153564453125000e+00
VAFnet(35)   nmse = 2.673478788347235721167827193767152493819594383239746094e-02
VAFnet(35)    obj = 2.886088131910842093930114060640335083007812500000000000e+02
VAFnet(35)   rmse = 1.499306282777341126077885746781248599290847778320312500e+00
VAFnet(35)  score = 2.312026210923504021543806175031932070851325988769531250e-02
VAFnet(35)   time = 2.242237718105316162109375000000000000000000000000000000e+02
-------------------------- VALIDATION ITERATION 801 ---------------------------
VAFnet(35)   mnlp = 1.843964544981622877273252925078850239515304565429687500e+00
VAFnet(35)    mse = 2.219018708524364225098679526126943528652191162109375000e+00
VAFnet(35)   nmse = 2.635510022626858309124919799160124966874718666076660156e-02
VAFnet(35)    obj = 2.853754289279581826122011989355087280273437500000000000e+02
VAFnet(35)   rmse = 1.488571658294012278744844479660969227552413940429687500e+00
VAFnet(35)  score = 2.276965095517496928678724543715361505746841430664062500e-02
VAFnet(35)   time = 2.347621872425079345703125000000000000000000000000000000e+02
-------------------------- VALIDATION ITERATION 901 ---------------------------
VAFnet(35)   mnlp = 1.837532991371811919023571135767269879579544067382812500e+00
VAFnet(35)    mse = 2.190219231286693712945634615607559680938720703125000000e+00
VAFnet(35)   nmse = 2.601376040886479654168361719257518416270613670349121094e-02
VAFnet(35)    obj = 2.826170670793673593834682833403348922729492187500000000e+02
VAFnet(35)   rmse = 1.478861136484473703944786393549293279647827148437500000e+00
VAFnet(35)  score = 2.245526984472575107720793141652393387630581855773925781e-02
VAFnet(35)   time = 2.472847857475280761718750000000000000000000000000000000e+02
----------------------------- OPTIMIZATION RESULT ------------------------------
VAFnet(35)   mnlp = 1.828608434522084769113803304207976907491683959960937500e+00
VAFnet(35)    mse = 2.154124004899028221871049026958644390106201171875000000e+00
VAFnet(35)   nmse = 2.558346569688452545876522492562799016013741493225097656e-02
VAFnet(35)    obj = 2.798805524381028817515471018850803375244140625000000000e+02
VAFnet(35)   rmse = 1.466650510969013110340597449976485222578048706054687500e+00
VAFnet(35)  score = 2.205639401428349799516581697389483451843261718750000000e-02
VAFnet(35)   time = 2.568972401618957519531250000000000000000000000000000000e+02
------------------------------ COMPARISON RESULT -------------------------------
VAFnet(35)   mnlp = 4.8349617982932402426854e-01 <> 4.0795523734733505349936e+00
VAFnet(35)    mse = 1.3763863338512821732351e-01 <> 9.2604434553265360108298e+00
VAFnet(35)   nmse = 1.6692916282745498372797e-03 <> 1.1231135004684449085754e-01
VAFnet(35)    obj = 5.7268746265613472132827e+03 <> 2.7988055243810288175155e+02
VAFnet(35)   rmse = 3.7099681047837623770747e-01 <> 3.0430976742994193529057e+00
VAFnet(35)  score = 1.0325789075933406845759e-03 <> 1.1044319939976496303125e-01
VAFnet(35)   time = 6.7995619773864746093750e+00 <> 2.5689724016189575195312e+02
Can not use cuDNN on context None: cannot compile with cuDNN. We got this error:
b'/tmp/try_flags__wn8kl74.c:4:19: fatal error: cudnn.h: No such file or directory\ncompilation terminated.\n'
Mapped name None to device cuda: GeForce GTX 1080 (0000:02:00.0)
